mode: set
github.com/Inflatablewoman/blocks/blocks.go:50.60,54.16 2 1
github.com/Inflatablewoman/blocks/blocks.go:57.2,66.16 5 1
github.com/Inflatablewoman/blocks/blocks.go:70.2,71.16 2 1
github.com/Inflatablewoman/blocks/blocks.go:75.2,78.90 3 1
github.com/Inflatablewoman/blocks/blocks.go:115.2,119.25 3 1
github.com/Inflatablewoman/blocks/blocks.go:54.16,56.3 1 0
github.com/Inflatablewoman/blocks/blocks.go:66.16,68.3 1 0
github.com/Inflatablewoman/blocks/blocks.go:71.16,73.3 1 0
github.com/Inflatablewoman/blocks/blocks.go:78.90,82.34 3 1
github.com/Inflatablewoman/blocks/blocks.go:87.3,91.17 3 1
github.com/Inflatablewoman/blocks/blocks.go:95.3,95.19 1 1
github.com/Inflatablewoman/blocks/blocks.go:109.3,112.45 2 1
github.com/Inflatablewoman/blocks/blocks.go:82.34,84.4 1 0
github.com/Inflatablewoman/blocks/blocks.go:91.17,93.4 1 0
github.com/Inflatablewoman/blocks/blocks.go:95.19,98.18 2 0
github.com/Inflatablewoman/blocks/blocks.go:103.4,106.36 2 0
github.com/Inflatablewoman/blocks/blocks.go:98.18,100.5 1 0
github.com/Inflatablewoman/blocks/blocks.go:122.67,126.16 2 1
github.com/Inflatablewoman/blocks/blocks.go:131.2,132.16 2 1
github.com/Inflatablewoman/blocks/blocks.go:137.2,138.16 2 1
github.com/Inflatablewoman/blocks/blocks.go:142.2,143.16 2 1
github.com/Inflatablewoman/blocks/blocks.go:146.2,149.50 3 1
github.com/Inflatablewoman/blocks/blocks.go:179.2,179.12 1 1
github.com/Inflatablewoman/blocks/blocks.go:126.16,128.3 1 0
github.com/Inflatablewoman/blocks/blocks.go:132.16,134.3 1 0
github.com/Inflatablewoman/blocks/blocks.go:138.16,140.3 1 0
github.com/Inflatablewoman/blocks/blocks.go:143.16,145.3 1 0
github.com/Inflatablewoman/blocks/blocks.go:149.50,154.17 2 1
github.com/Inflatablewoman/blocks/blocks.go:160.3,161.17 2 1
github.com/Inflatablewoman/blocks/blocks.go:167.3,168.17 2 1
github.com/Inflatablewoman/blocks/blocks.go:174.3,174.32 1 1
github.com/Inflatablewoman/blocks/blocks.go:154.17,157.4 2 0
github.com/Inflatablewoman/blocks/blocks.go:161.17,164.4 2 0
github.com/Inflatablewoman/blocks/blocks.go:168.17,171.4 2 0
github.com/Inflatablewoman/blocks/blocksRepository.go:19.52,23.2 2 1
github.com/Inflatablewoman/blocks/blocksRepository.go:26.55,28.16 2 0
github.com/Inflatablewoman/blocks/blocksRepository.go:33.2,34.16 2 0
github.com/Inflatablewoman/blocks/blocksRepository.go:39.2,39.12 1 0
github.com/Inflatablewoman/blocks/blocksRepository.go:28.16,31.3 2 0
github.com/Inflatablewoman/blocks/blocksRepository.go:34.16,37.3 2 0
github.com/Inflatablewoman/blocks/blocksRepository.go:43.69,47.16 3 1
github.com/Inflatablewoman/blocks/blocksRepository.go:52.2,54.20 2 1
github.com/Inflatablewoman/blocks/blocksRepository.go:47.16,50.3 2 0
github.com/Inflatablewoman/blocks/blocksRepository.go:58.75,60.16 2 1
github.com/Inflatablewoman/blocks/blocksRepository.go:63.2,63.24 1 0
github.com/Inflatablewoman/blocks/blocksRepository.go:66.2,66.19 1 0
github.com/Inflatablewoman/blocks/blocksRepository.go:60.16,62.3 1 1
github.com/Inflatablewoman/blocks/blocksRepository.go:63.24,65.3 1 0
github.com/Inflatablewoman/blocks/blocksRepository.go:75.64,77.16 2 1
github.com/Inflatablewoman/blocks/blocksRepository.go:82.2,82.43 1 1
github.com/Inflatablewoman/blocks/blocksRepository.go:77.16,80.3 2 0
github.com/Inflatablewoman/blocks/blocksRepository.go:86.79,88.2 1 1
github.com/Inflatablewoman/blocks/blocksRepository.go:91.89,92.23 1 1
github.com/Inflatablewoman/blocks/blocksRepository.go:96.2,98.64 2 1
github.com/Inflatablewoman/blocks/blocksRepository.go:102.2,102.26 1 1
github.com/Inflatablewoman/blocks/blocksRepository.go:92.23,94.3 1 0
github.com/Inflatablewoman/blocks/blocksRepository.go:98.64,100.3 1 0
