mode: set
github.com/Inflatablewoman/blocks/blocks.go:50.60,54.16 2 1
github.com/Inflatablewoman/blocks/blocks.go:57.2,66.16 5 1
github.com/Inflatablewoman/blocks/blocks.go:70.2,71.16 2 1
github.com/Inflatablewoman/blocks/blocks.go:75.2,78.90 3 1
github.com/Inflatablewoman/blocks/blocks.go:115.2,119.25 3 1
github.com/Inflatablewoman/blocks/blocks.go:54.16,56.3 1 0
github.com/Inflatablewoman/blocks/blocks.go:66.16,68.3 1 0
github.com/Inflatablewoman/blocks/blocks.go:71.16,73.3 1 0
github.com/Inflatablewoman/blocks/blocks.go:78.90,82.34 3 1
github.com/Inflatablewoman/blocks/blocks.go:87.3,91.17 3 1
github.com/Inflatablewoman/blocks/blocks.go:95.3,95.19 1 1
github.com/Inflatablewoman/blocks/blocks.go:109.3,112.45 2 1
github.com/Inflatablewoman/blocks/blocks.go:82.34,84.4 1 0
github.com/Inflatablewoman/blocks/blocks.go:91.17,93.4 1 0
github.com/Inflatablewoman/blocks/blocks.go:95.19,98.18 2 1
github.com/Inflatablewoman/blocks/blocks.go:103.4,106.36 2 1
github.com/Inflatablewoman/blocks/blocks.go:98.18,100.5 1 0
github.com/Inflatablewoman/blocks/blocks.go:122.67,126.16 2 1
github.com/Inflatablewoman/blocks/blocks.go:131.2,132.16 2 1
github.com/Inflatablewoman/blocks/blocks.go:137.2,138.16 2 1
github.com/Inflatablewoman/blocks/blocks.go:142.2,143.16 2 1
github.com/Inflatablewoman/blocks/blocks.go:146.2,149.50 3 1
github.com/Inflatablewoman/blocks/blocks.go:179.2,179.12 1 1
github.com/Inflatablewoman/blocks/blocks.go:126.16,128.3 1 0
github.com/Inflatablewoman/blocks/blocks.go:132.16,134.3 1 0
github.com/Inflatablewoman/blocks/blocks.go:138.16,140.3 1 0
github.com/Inflatablewoman/blocks/blocks.go:143.16,145.3 1 0
github.com/Inflatablewoman/blocks/blocks.go:149.50,154.17 2 1
github.com/Inflatablewoman/blocks/blocks.go:160.3,161.17 2 1
github.com/Inflatablewoman/blocks/blocks.go:167.3,168.17 2 1
github.com/Inflatablewoman/blocks/blocks.go:174.3,174.32 1 1
github.com/Inflatablewoman/blocks/blocks.go:154.17,157.4 2 0
github.com/Inflatablewoman/blocks/blocks.go:161.17,164.4 2 0
github.com/Inflatablewoman/blocks/blocks.go:168.17,171.4 2 0
github.com/Inflatablewoman/blocks/blocksRepository.go:19.52,26.2 3 1
github.com/Inflatablewoman/blocks/blocksRepository.go:29.55,31.16 2 1
github.com/Inflatablewoman/blocks/blocksRepository.go:36.2,37.16 2 1
github.com/Inflatablewoman/blocks/blocksRepository.go:42.2,42.12 1 1
github.com/Inflatablewoman/blocks/blocksRepository.go:31.16,34.3 2 0
github.com/Inflatablewoman/blocks/blocksRepository.go:37.16,40.3 2 0
github.com/Inflatablewoman/blocks/blocksRepository.go:46.69,50.16 3 1
github.com/Inflatablewoman/blocks/blocksRepository.go:55.2,57.20 2 1
github.com/Inflatablewoman/blocks/blocksRepository.go:50.16,53.3 2 0
github.com/Inflatablewoman/blocks/blocksRepository.go:61.75,63.16 2 1
github.com/Inflatablewoman/blocks/blocksRepository.go:66.2,66.24 1 1
github.com/Inflatablewoman/blocks/blocksRepository.go:69.2,69.19 1 0
github.com/Inflatablewoman/blocks/blocksRepository.go:63.16,65.3 1 1
github.com/Inflatablewoman/blocks/blocksRepository.go:66.24,68.3 1 1
github.com/Inflatablewoman/blocks/blocksRepository.go:78.64,80.16 2 1
github.com/Inflatablewoman/blocks/blocksRepository.go:85.2,85.43 1 1
github.com/Inflatablewoman/blocks/blocksRepository.go:80.16,83.3 2 0
github.com/Inflatablewoman/blocks/blocksRepository.go:89.79,91.2 1 1
github.com/Inflatablewoman/blocks/blocksRepository.go:94.89,95.23 1 1
github.com/Inflatablewoman/blocks/blocksRepository.go:99.2,101.64 2 1
github.com/Inflatablewoman/blocks/blocksRepository.go:105.2,105.26 1 1
github.com/Inflatablewoman/blocks/blocksRepository.go:95.23,97.3 1 0
github.com/Inflatablewoman/blocks/blocksRepository.go:101.64,103.3 1 0
